#
# A fatal error has been detected by the Java Runtime Environment:
#
#  EXCEPTION_ACCESS_VIOLATION (0xc0000005) at pc=0x000007fee0fb715d, pid=3920, tid=0x00000000000017f0
#
# JRE version: Java(TM) SE Runtime Environment (8.0_161-b12) (build 1.8.0_161-b12)
# Java VM: Java HotSpot(TM) 64-Bit Server VM (25.161-b12 mixed mode windows-amd64 compressed oops)
# Problematic frame:
# C  [ig7icd64.dll+0x6e715d]
#
# Failed to write core dump. Minidumps are not enabled by default on client versions of Windows
#
# If you would like to submit a bug report, please visit:
#   http://bugreport.java.com/bugreport/crash.jsp
# The crash happened outside the Java Virtual Machine in native code.
# See problematic frame for where to report the bug.
#

---------------  T H R E A D  ---------------

Current thread (0x00000000574e3800):  JavaThread "jME3 Main" [_thread_in_native, id=6128, stack(0x0000000057f40000,0x0000000058040000)]

siginfo: ExceptionCode=0xc0000005, writing address 0x0000000000000020

Registers:
RAX=0x33c8fbb83da2ddc6, RBX=0x00000000ffffffff, RCX=0x0000000000000040, RDX=0x00000000590ab420
RSP=0x000000005803c748, RBP=0x000000005803c850, RSI=0x000000005858ebe0, RDI=0x0000000000000000
R8 =0x0000000000000120, R9 =0x0000000000000009, R10=0xb587ccadbfad866b, R11=0x0000000000000020
R12=0x000000005852da28, R13=0x00000000584cad40, R14=0x0000000000000120, R15=0x0000000000000000
RIP=0x000007fee0fb715d, EFLAGS=0x0000000000010202

Top of Stack: (sp=0x000000005803c748)
0x000000005803c748:   000007fee09082e2 000000005852dd68
0x000000005803c758:   00000000584cad40 00000000594072f0
0x000000005803c768:   0000000000000004 000000005852e078
0x000000005803c778:   0000000000000fe0 000000005858ecc8
0x000000005803c788:   000000000000006a 0000000058590920
0x000000005803c798:   0000000000000001 0000000100000000
0x000000005803c7a8:   000000005852da28 0000000000000000
0x000000005803c7b8:   0000000058398a50 0000000058590aa0
0x000000005803c7c8:   000000005c218000 000000005858ebe0
0x000000005803c7d8:   000000005803cf00 0000000058590520
0x000000005803c7e8:   0000cf1f00000000 0000000000000000
0x000000005803c7f8:   0000000000000000 0000000000000001
0x000000005803c808:   0000000058590a30 0000000058398e40
0x000000005803c818:   0000000058f06a00 0000000058398a50
0x000000005803c828:   0400000078310000 0400000078320000
0x000000005803c838:   0400000078330000 0000000058f7b460 

Instructions: (pc=0x000007fee0fb715d)
0x000007fee0fb713d:   00 00 00 66 66 66 90 66 66 90 49 81 f9 00 20 00
0x000007fee0fb714d:   00 73 42 48 8b 04 0a 4c 8b 54 0a 08 48 83 c1 20
0x000007fee0fb715d:   48 89 41 e0 4c 89 51 e8 48 8b 44 0a f0 4c 8b 54
0x000007fee0fb716d:   0a f8 49 ff c9 48 89 41 f0 4c 89 51 f8 75 d4 49 


Register to memory mapping:

RAX=0x33c8fbb83da2ddc6 is an unknown value
RBX=0x00000000ffffffff is an unallocated location in the heap
RCX=0x0000000000000040 is an unknown value
RDX=0x00000000590ab420 is an unknown value
RSP=0x000000005803c748 is pointing into the stack for thread: 0x00000000574e3800
RBP=0x000000005803c850 is pointing into the stack for thread: 0x00000000574e3800
RSI=0x000000005858ebe0 is an unknown value
RDI=0x0000000000000000 is an unknown value
R8 =0x0000000000000120 is an unknown value
R9 =0x0000000000000009 is an unknown value
R10=0xb587ccadbfad866b is an unknown value
R11=0x0000000000000020 is an unknown value
R12=0x000000005852da28 is an unknown value
R13=0x00000000584cad40 is an unknown value
R14=0x0000000000000120 is an unknown value
R15=0x0000000000000000 is an unknown value


Stack: [0x0000000057f40000,0x0000000058040000],  sp=0x000000005803c748,  free space=1009k
Native frames: (J=compiled Java code, j=interpreted, Vv=VM code, C=native code)
C  [ig7icd64.dll+0x6e715d]

Java frames: (J=compiled Java code, j=interpreted, Vv=VM code)
J 3190  org.lwjgl.opengl.GL12.nglDrawRangeElementsBO(IIIIIJJ)V (0 bytes) @ 0x000000000338fc64 [0x000000000338fc00+0x64]
J 3535 C2 com.jme3.renderer.opengl.GLRenderer.drawTriangleList(Lcom/jme3/scene/VertexBuffer;Lcom/jme3/scene/Mesh;I)V (500 bytes) @ 0x00000000034c8e58 [0x00000000034c8aa0+0x3b8]
J 3467 C2 com.jme3.renderer.opengl.GLRenderer.renderMeshDefault(Lcom/jme3/scene/Mesh;II[Lcom/jme3/scene/VertexBuffer;)V (242 bytes) @ 0x000000000348be90 [0x000000000348bae0+0x3b0]
J 3541 C2 com.jme3.material.logic.DefaultTechniqueDefLogic.renderMeshFromGeometry(Lcom/jme3/renderer/Renderer;Lcom/jme3/scene/Geometry;)V (55 bytes) @ 0x0000000002a56b58 [0x0000000002a56aa0+0xb8]
J 3460 C1 com.jme3.material.logic.MultiPassLightingLogic.render(Lcom/jme3/renderer/RenderManager;Lcom/jme3/shader/Shader;Lcom/jme3/scene/Geometry;Lcom/jme3/light/LightList;I)V (663 bytes) @ 0x00000000034730c4 [0x0000000003470600+0x2ac4]
J 3532 C2 com.jme3.renderer.RenderManager.renderGeometry(Lcom/jme3/scene/Geometry;)V (241 bytes) @ 0x00000000034bde7c [0x00000000034bc900+0x157c]
J 3584 C2 com.jme3.renderer.queue.RenderQueue.renderGeometryList(Lcom/jme3/renderer/queue/GeometryList;Lcom/jme3/renderer/RenderManager;Lcom/jme3/renderer/Camera;Z)V (77 bytes) @ 0x0000000002ab7090 [0x0000000002ab6c20+0x470]
J 3585 C2 com.jme3.renderer.queue.RenderQueue.renderQueue(Lcom/jme3/renderer/queue/RenderQueue$Bucket;Lcom/jme3/renderer/RenderManager;Lcom/jme3/renderer/Camera;Z)V (147 bytes) @ 0x0000000002962d24 [0x0000000002962cc0+0x64]
J 3184 C1 com.jme3.renderer.RenderManager.renderViewPortQueues(Lcom/jme3/renderer/ViewPort;Z)V (258 bytes) @ 0x000000000338dd6c [0x000000000338db60+0x20c]
J 3086 C1 com.jme3.renderer.RenderManager.renderViewPort(Lcom/jme3/renderer/ViewPort;F)V (620 bytes) @ 0x000000000332896c [0x0000000003326660+0x230c]
J 3469 C1 com.jme3.renderer.RenderManager.render(FZ)V (229 bytes) @ 0x000000000348e64c [0x000000000348d700+0xf4c]
J 3377 C1 com.jme3.app.SimpleApplication.update()V (235 bytes) @ 0x00000000034503ac [0x000000000344f680+0xd2c]
J 3376 C1 com.jme3.system.lwjgl.LwjglAbstractDisplay.runLoop()V (141 bytes) @ 0x0000000003446d44 [0x0000000003446ae0+0x264]
J 3321 C1 com.jme3.system.lwjgl.LwjglDisplay.runLoop()V (108 bytes) @ 0x00000000034209dc [0x000000000341e0c0+0x291c]
j  com.jme3.system.lwjgl.LwjglAbstractDisplay.run()V+136
j  java.lang.Thread.run()V+11
v  ~StubRoutines::call_stub

---------------  P R O C E S S  ---------------

Java Threads: ( => current thread )
  0x000000005e3ea800 JavaThread "pool-1-thread-1" [_thread_blocked, id=6008, stack(0x000000005f410000,0x000000005f510000)]
  0x0000000057a36800 JavaThread "jME3 Audio Decoder" daemon [_thread_blocked, id=4752, stack(0x000000005d730000,0x000000005d830000)]
  0x00000000579da800 JavaThread "Thread-4" daemon [_thread_in_native, id=5912, stack(0x000000005caa0000,0x000000005cba0000)]
  0x00000000021ef800 JavaThread "DestroyJavaVM" [_thread_blocked, id=4552, stack(0x0000000002480000,0x0000000002580000)]
=>0x00000000574e3800 JavaThread "jME3 Main" [_thread_in_native, id=6128, stack(0x0000000057f40000,0x0000000058040000)]
  0x00000000574c9800 JavaThread "Java2D Disposer" daemon [_thread_blocked, id=2912, stack(0x0000000057c90000,0x0000000057d90000)]
  0x0000000056360000 JavaThread "Service Thread" daemon [_thread_blocked, id=3496, stack(0x0000000056dc0000,0x0000000056ec0000)]
  0x0000000054fc6800 JavaThread "C1 CompilerThread2" daemon [_thread_blocked, id=3456, stack(0x0000000056ed0000,0x0000000056fd0000)]
  0x0000000054fc5000 JavaThread "C2 CompilerThread1" daemon [_thread_blocked, id=1788, stack(0x0000000056c20000,0x0000000056d20000)]
  0x00000000562e4800 JavaThread "C2 CompilerThread0" daemon [_thread_blocked, id=5384, stack(0x0000000056a10000,0x0000000056b10000)]
  0x00000000562e1800 JavaThread "Attach Listener" daemon [_thread_blocked, id=4152, stack(0x00000000568e0000,0x00000000569e0000)]
  0x0000000054fc4000 JavaThread "Signal Dispatcher" daemon [_thread_blocked, id=4960, stack(0x0000000056700000,0x0000000056800000)]
  0x0000000054fab000 JavaThread "Finalizer" daemon [_thread_blocked, id=4900, stack(0x0000000055e50000,0x0000000055f50000)]
  0x0000000054f64000 JavaThread "Reference Handler" daemon [_thread_blocked, id=232, stack(0x00000000560f0000,0x00000000561f0000)]

Other Threads:
  0x0000000054f5c800 VMThread [stack: 0x0000000055f70000,0x0000000056070000] [id=2580]
  0x0000000056384000 WatcherThread [stack: 0x0000000057170000,0x0000000057270000] [id=3852]

VM state:not at safepoint (normal execution)

VM Mutex/Monitor currently owned by a thread: None

Heap:
 PSYoungGen      total 86016K, used 70385K [0x00000000eb980000, 0x00000000f3880000, 0x0000000100000000)
  eden space 74752K, 79% used [0x00000000eb980000,0x00000000ef39f390,0x00000000f0280000)
  from space 11264K, 96% used [0x00000000f2d80000,0x00000000f381d3a0,0x00000000f3880000)
  to   space 20992K, 0% used [0x00000000f0f80000,0x00000000f0f80000,0x00000000f2400000)
 ParOldGen       total 84992K, used 33071K [0x00000000c2c00000, 0x00000000c7f00000, 0x00000000eb980000)
  object space 84992K, 38% used [0x00000000c2c00000,0x00000000c4c4bd30,0x00000000c7f00000)
 Metaspace       used 24069K, capacity 24621K, committed 24960K, reserved 1071104K
  class space    used 2414K, capacity 2570K, committed 2688K, reserved 1048576K

Card table byte_map: [0x0000000011c10000,0x0000000011e00000] byte_map_base: 0x00000000115fa000

Marking Bits: (ParMarkBitMap*) 0x000000007239f860
 Begin Bits: [0x0000000012540000, 0x0000000013490000)
 End Bits:   [0x0000000013490000, 0x00000000143e0000)

Polling page: 0x0000000000340000

CodeCache: size=245760Kb used=12326Kb max_used=12735Kb free=233433Kb
 bounds [0x0000000002850000, 0x00000000034d0000, 0x0000000011850000]
 total_blobs=4304 nmethods=3408 adapters=808
 compilation: enabled

Compilation events (10 events):
Event: 46.963 Thread 0x00000000562e4800 nmethod 3582 0x0000000002a94310 code [0x0000000002a94440, 0x0000000002a944f8]
Event: 46.968 Thread 0x0000000054fc5000 nmethod 3581 0x0000000002bd5490 code [0x0000000002bd5620, 0x0000000002bd5fb8]
Event: 47.004 Thread 0x00000000562e4800 3583       4       com.jme3.renderer.opengl.GLRenderer::convertTextureType (222 bytes)
Event: 47.004 Thread 0x0000000054fc5000 3584       4       com.jme3.renderer.queue.RenderQueue::renderGeometryList (77 bytes)
Event: 47.005 Thread 0x00000000562e4800 nmethod 3583 0x0000000002a223d0 code [0x0000000002a22540, 0x0000000002a22718]
Event: 47.020 Thread 0x0000000054fc5000 nmethod 3584 0x0000000002ab6a50 code [0x0000000002ab6c20, 0x0000000002ab78a0]
Event: 47.024 Thread 0x00000000562e4800 3585       4       com.jme3.renderer.queue.RenderQueue::renderQueue (147 bytes)
Event: 47.025 Thread 0x00000000562e4800 nmethod 3585 0x0000000002962b50 code [0x0000000002962cc0, 0x0000000002962e40]
Event: 47.304 Thread 0x0000000054fc6800 3586       3       java.nio.HeapByteBuffer::get (14 bytes)
Event: 47.305 Thread 0x0000000054fc6800 nmethod 3586 0x000000000296a610 code [0x000000000296a7a0, 0x000000000296ab48]

GC Heap History (10 events):
Event: 2.502 GC heap before
{Heap before GC invocations=6 (full 1):
 PSYoungGen      total 34304K, used 2530K [0x00000000eb980000, 0x00000000f0580000, 0x0000000100000000)
  eden space 31744K, 0% used [0x00000000eb980000,0x00000000eb980000,0x00000000ed880000)
  from space 2560K, 98% used [0x00000000ed880000,0x00000000edaf8a30,0x00000000edb00000)
  to   space 7168K, 0% used [0x00000000efe80000,0x00000000efe80000,0x00000000f0580000)
 ParOldGen       total 42496K, used 10714K [0x00000000c2c00000, 0x00000000c5580000, 0x00000000eb980000)
  object space 42496K, 25% used [0x00000000c2c00000,0x00000000c3676ac8,0x00000000c5580000)
 Metaspace       used 20791K, capacity 21049K, committed 21248K, reserved 1069056K
  class space    used 2157K, capacity 2227K, committed 2304K, reserved 1048576K
Event: 2.548 GC heap after
Heap after GC invocations=6 (full 1):
 PSYoungGen      total 34304K, used 0K [0x00000000eb980000, 0x00000000f0580000, 0x0000000100000000)
  eden space 31744K, 0% used [0x00000000eb980000,0x00000000eb980000,0x00000000ed880000)
  from space 2560K, 0% used [0x00000000ed880000,0x00000000ed880000,0x00000000edb00000)
  to   space 7168K, 0% used [0x00000000efe80000,0x00000000efe80000,0x00000000f0580000)
 ParOldGen       total 31232K, used 6708K [0x00000000c2c00000, 0x00000000c4a80000, 0x00000000eb980000)
  object space 31232K, 21% used [0x00000000c2c00000,0x00000000c328d0e8,0x00000000c4a80000)
 Metaspace       used 20791K, capacity 21049K, committed 21248K, reserved 1069056K
  class space    used 2157K, capacity 2227K, committed 2304K, reserved 1048576K
}
Event: 3.254 GC heap before
{Heap before GC invocations=7 (full 1):
 PSYoungGen      total 34304K, used 31744K [0x00000000eb980000, 0x00000000f0580000, 0x0000000100000000)
  eden space 31744K, 100% used [0x00000000eb980000,0x00000000ed880000,0x00000000ed880000)
  from space 2560K, 0% used [0x00000000ed880000,0x00000000ed880000,0x00000000edb00000)
  to   space 7168K, 0% used [0x00000000efe80000,0x00000000efe80000,0x00000000f0580000)
 ParOldGen       total 31232K, used 6708K [0x00000000c2c00000, 0x00000000c4a80000, 0x00000000eb980000)
  object space 31232K, 21% used [0x00000000c2c00000,0x00000000c328d0e8,0x00000000c4a80000)
 Metaspace       used 22943K, capacity 23469K, committed 23808K, reserved 1071104K
  class space    used 2368K, capacity 2506K, committed 2560K, reserved 1048576K
Event: 3.261 GC heap after
Heap after GC invocations=7 (full 1):
 PSYoungGen      total 60928K, used 6347K [0x00000000eb980000, 0x00000000f0500000, 0x0000000100000000)
  eden space 54272K, 0% used [0x00000000eb980000,0x00000000eb980000,0x00000000eee80000)
  from space 6656K, 95% used [0x00000000efe80000,0x00000000f04b2da0,0x00000000f0500000)
  to   space 7680K, 0% used [0x00000000ef600000,0x00000000ef600000,0x00000000efd80000)
 ParOldGen       total 31232K, used 6716K [0x00000000c2c00000, 0x00000000c4a80000, 0x00000000eb980000)
  object space 31232K, 21% used [0x00000000c2c00000,0x00000000c328f0e8,0x00000000c4a80000)
 Metaspace       used 22943K, capacity 23469K, committed 23808K, reserved 1071104K
  class space    used 2368K, capacity 2506K, committed 2560K, reserved 1048576K
}
Event: 3.614 GC heap before
{Heap before GC invocations=8 (full 1):
 PSYoungGen      total 60928K, used 60619K [0x00000000eb980000, 0x00000000f0500000, 0x0000000100000000)
  eden space 54272K, 100% used [0x00000000eb980000,0x00000000eee80000,0x00000000eee80000)
  from space 6656K, 95% used [0x00000000efe80000,0x00000000f04b2da0,0x00000000f0500000)
  to   space 7680K, 0% used [0x00000000ef600000,0x00000000ef600000,0x00000000efd80000)
 ParOldGen       total 31232K, used 6716K [0x00000000c2c00000, 0x00000000c4a80000, 0x00000000eb980000)
  object space 31232K, 21% used [0x00000000c2c00000,0x00000000c328f0e8,0x00000000c4a80000)
 Metaspace       used 22943K, capacity 23469K, committed 23808K, reserved 1071104K
  class space    used 2368K, capacity 2506K, committed 2560K, reserved 1048576K
Event: 3.664 GC heap after
Heap after GC invocations=8 (full 1):
 PSYoungGen      total 69632K, used 7663K [0x00000000eb980000, 0x00000000f4300000, 0x0000000100000000)
  eden space 61952K, 0% used [0x00000000eb980000,0x00000000eb980000,0x00000000ef600000)
  from space 7680K, 99% used [0x00000000ef600000,0x00000000efd7bdb8,0x00000000efd80000)
  to   space 22016K, 0% used [0x00000000f2d80000,0x00000000f2d80000,0x00000000f4300000)
 ParOldGen       total 33280K, used 32852K [0x00000000c2c00000, 0x00000000c4c80000, 0x00000000eb980000)
  object space 33280K, 98% used [0x00000000c2c00000,0x00000000c4c150e8,0x00000000c4c80000)
 Metaspace       used 22943K, capacity 23469K, committed 23808K, reserved 1071104K
  class space    used 2368K, capacity 2506K, committed 2560K, reserved 1048576K
}
Event: 3.664 GC heap before
{Heap before GC invocations=9 (full 2):
 PSYoungGen      total 69632K, used 7663K [0x00000000eb980000, 0x00000000f4300000, 0x0000000100000000)
  eden space 61952K, 0% used [0x00000000eb980000,0x00000000eb980000,0x00000000ef600000)
  from space 7680K, 99% used [0x00000000ef600000,0x00000000efd7bdb8,0x00000000efd80000)
  to   space 22016K, 0% used [0x00000000f2d80000,0x00000000f2d80000,0x00000000f4300000)
 ParOldGen       total 33280K, used 32852K [0x00000000c2c00000, 0x00000000c4c80000, 0x00000000eb980000)
  object space 33280K, 98% used [0x00000000c2c00000,0x00000000c4c150e8,0x00000000c4c80000)
 Metaspace       used 22943K, capacity 23469K, committed 23808K, reserved 1071104K
  class space    used 2368K, capacity 2506K, committed 2560K, reserved 1048576K
Event: 4.344 GC heap after
Heap after GC invocations=9 (full 2):
 PSYoungGen      total 69632K, used 6724K [0x00000000eb980000, 0x00000000f4300000, 0x0000000100000000)
  eden space 61952K, 0% used [0x00000000eb980000,0x00000000eb980000,0x00000000ef600000)
  from space 7680K, 87% used [0x00000000ef600000,0x00000000efc913d0,0x00000000efd80000)
  to   space 22016K, 0% used [0x00000000f2d80000,0x00000000f2d80000,0x00000000f4300000)
 ParOldGen       total 84992K, used 33063K [0x00000000c2c00000, 0x00000000c7f00000, 0x00000000eb980000)
  object space 84992K, 38% used [0x00000000c2c00000,0x00000000c4c49d30,0x00000000c7f00000)
 Metaspace       used 22943K, capacity 23469K, committed 23808K, reserved 1071104K
  class space    used 2368K, capacity 2506K, committed 2560K, reserved 1048576K
}
Event: 4.723 GC heap before
{Heap before GC invocations=10 (full 2):
 PSYoungGen      total 69632K, used 68676K [0x00000000eb980000, 0x00000000f4300000, 0x0000000100000000)
  eden space 61952K, 100% used [0x00000000eb980000,0x00000000ef600000,0x00000000ef600000)
  from space 7680K, 87% used [0x00000000ef600000,0x00000000efc913d0,0x00000000efd80000)
  to   space 22016K, 0% used [0x00000000f2d80000,0x00000000f2d80000,0x00000000f4300000)
 ParOldGen       total 84992K, used 33063K [0x00000000c2c00000, 0x00000000c7f00000, 0x00000000eb980000)
  object space 84992K, 38% used [0x00000000c2c00000,0x00000000c4c49d30,0x00000000c7f00000)
 Metaspace       used 23036K, capacity 23533K, committed 23808K, reserved 1071104K
  class space    used 2371K, capacity 2506K, committed 2560K, reserved 1048576K
Event: 4.742 GC heap after
Heap after GC invocations=10 (full 2):
 PSYoungGen      total 86016K, used 10868K [0x00000000eb980000, 0x00000000f3880000, 0x0000000100000000)
  eden space 74752K, 0% used [0x00000000eb980000,0x00000000eb980000,0x00000000f0280000)
  from space 11264K, 96% used [0x00000000f2d80000,0x00000000f381d3a0,0x00000000f3880000)
  to   space 20992K, 0% used [0x00000000f0f80000,0x00000000f0f80000,0x00000000f2400000)
 ParOldGen       total 84992K, used 33071K [0x00000000c2c00000, 0x00000000c7f00000, 0x00000000eb980000)
  object space 84992K, 38% used [0x00000000c2c00000,0x00000000c4c4bd30,0x00000000c7f00000)
 Metaspace       used 23036K, capacity 23533K, committed 23808K, reserved 1071104K
  class space    used 2371K, capacity 2506K, committed 2560K, reserved 1048576K
}

Deoptimization events (10 events):
Event: 9.204 Thread 0x00000000574e3800 Uncommon trap: reason=unstable_if action=reinterpret pc=0x000000000324cb0c method=java.util.ArrayList.clear()V @ 17
Event: 9.205 Thread 0x00000000574e3800 Uncommon trap: reason=unstable_if action=reinterpret pc=0x000000000323c8e0 method=com.jme3.util.SafeArrayList.isEmpty()Z @ 4
Event: 10.436 Thread 0x00000000574e3800 Uncommon trap: reason=unstable_if action=reinterpret pc=0x00000000032d5908 method=com.jme3.scene.Node.updateGeometricState()V @ 4
Event: 12.280 Thread 0x00000000574e3800 Uncommon trap: reason=unstable_if action=reinterpret pc=0x0000000003336df0 method=com.jme3.shader.Uniform.setValue(Lcom/jme3/shader/VarType;Ljava/lang/Object;)V @ 196
Event: 15.618 Thread 0x00000000574e3800 Uncommon trap: reason=unstable_if action=reinterpret pc=0x00000000033f15d0 method=com.jme3.math.Matrix4f.equals(Ljava/lang/Object;)Z @ 52
Event: 39.452 Thread 0x00000000574e3800 Uncommon trap: reason=unstable_if action=reinterpret pc=0x00000000034b9dd4 method=com.jme3.bounding.BoundingBox.clip(FF[F)Z @ 55
Event: 39.473 Thread 0x00000000574e3800 Uncommon trap: reason=unstable_if action=reinterpret pc=0x0000000003434344 method=com.jme3.bounding.BoundingBox.clip(FF[F)Z @ 55
Event: 40.965 Thread 0x00000000574e3800 Uncommon trap: reason=unstable_if action=reinterpret pc=0x000000000296a190 method=java.util.HashMap$HashIterator.<init>(Ljava/util/HashMap;)V @ 45
Event: 40.990 Thread 0x00000000574e3800 Uncommon trap: reason=unstable_if action=reinterpret pc=0x0000000003176260 method=java.util.HashMap$HashIterator.<init>(Ljava/util/HashMap;)V @ 45
Event: 41.005 Thread 0x00000000574e3800 Uncommon trap: reason=unstable_if action=reinterpret pc=0x00000000030db744 method=java.util.HashMap$HashIterator.<init>(Ljava/util/HashMap;)V @ 45

Classes redefined (0 events):
No events

Internal exceptions (10 events):
Event: 3.002 Thread 0x00000000574e3800 Exception <a 'java/lang/ClassNotFoundException': com/jme3/material/RenderState$BlendModeCustomizer> (0x00000000ece24fd0) thrown at [C:\re\workspace\8-2-build-windows-amd64-cygwin\jdk8u161\10277\hotspot\src\share\vm\classfile\systemDictionary.cpp, line 210
Event: 3.004 Thread 0x00000000574e3800 Exception <a 'java/lang/ClassNotFoundException': com/simsilica/lemur/core/UnshadedMaterialAdapterBeanInfo> (0x00000000ece438b8) thrown at [C:\re\workspace\8-2-build-windows-amd64-cygwin\jdk8u161\10277\hotspot\src\share\vm\classfile\systemDictionary.cpp, l
Event: 3.005 Thread 0x00000000574e3800 Exception <a 'java/lang/ClassNotFoundException': com/simsilica/lemur/core/UnshadedMaterialAdapterCustomizer> (0x00000000ece4f4b0) thrown at [C:\re\workspace\8-2-build-windows-amd64-cygwin\jdk8u161\10277\hotspot\src\share\vm\classfile\systemDictionary.cpp,
Event: 3.008 Thread 0x00000000574e3800 Exception <a 'java/lang/ClassNotFoundException': com/jme3/material/MaterialBeanInfo> (0x00000000ece7a670) thrown at [C:\re\workspace\8-2-build-windows-amd64-cygwin\jdk8u161\10277\hotspot\src\share\vm\classfile\systemDictionary.cpp, line 210]
Event: 3.009 Thread 0x00000000574e3800 Exception <a 'java/lang/ClassNotFoundException': com/jme3/material/MaterialCustomizer> (0x00000000ece83da8) thrown at [C:\re\workspace\8-2-build-windows-amd64-cygwin\jdk8u161\10277\hotspot\src\share\vm\classfile\systemDictionary.cpp, line 210]
Event: 3.012 Thread 0x00000000574e3800 Exception <a 'java/lang/ClassNotFoundException': com/jme3/material/RenderStateBeanInfo> (0x00000000ecec1cc8) thrown at [C:\re\workspace\8-2-build-windows-amd64-cygwin\jdk8u161\10277\hotspot\src\share\vm\classfile\systemDictionary.cpp, line 210]
Event: 3.013 Thread 0x00000000574e3800 Exception <a 'java/lang/ClassNotFoundException': com/jme3/material/RenderStateCustomizer> (0x00000000ececb938) thrown at [C:\re\workspace\8-2-build-windows-amd64-cygwin\jdk8u161\10277\hotspot\src\share\vm\classfile\systemDictionary.cpp, line 210]
Event: 4.461 Thread 0x00000000574e3800 Implicit null exception at 0x0000000003100bfd to 0x0000000003101109
Event: 8.913 Thread 0x00000000574e3800 Implicit null exception at 0x00000000031965e5 to 0x0000000003196845
Event: 8.915 Thread 0x00000000574e3800 Implicit null exception at 0x000000000314a6e5 to 0x000000000314a945

Events (10 events):
Event: 40.965 Thread 0x00000000574e3800 DEOPT PACKING pc=0x000000000296a190 sp=0x000000005803ec20
Event: 40.965 Thread 0x00000000574e3800 DEOPT UNPACKING pc=0x000000000289583b sp=0x000000005803eaa8 mode 2
Event: 40.990 Thread 0x00000000574e3800 Uncommon trap: trap_request=0xffffff65 fr.pc=0x0000000003176260
Event: 40.990 Thread 0x00000000574e3800 DEOPT PACKING pc=0x0000000003176260 sp=0x000000005803ebb0
Event: 40.990 Thread 0x00000000574e3800 DEOPT UNPACKING pc=0x000000000289583b sp=0x000000005803ea98 mode 2
Event: 40.997 Thread 0x0000000057a36800 DEOPT PACKING pc=0x00000000032346cc sp=0x000000005d82f000
Event: 40.997 Thread 0x0000000057a36800 DEOPT UNPACKING pc=0x0000000002897890 sp=0x000000005d82ed88 mode 0
Event: 41.005 Thread 0x00000000574e3800 Uncommon trap: trap_request=0xffffff65 fr.pc=0x00000000030db744
Event: 41.005 Thread 0x00000000574e3800 DEOPT PACKING pc=0x00000000030db744 sp=0x000000005803eb10
Event: 41.005 Thread 0x00000000574e3800 DEOPT UNPACKING pc=0x000000000289583b sp=0x000000005803eab0 mode 2


Dynamic libraries:
0x000000013f960000 - 0x000000013f997000 	C:\Program Files\jmonkeyplatform\jdk\bin\java.exe
0x0000000077320000 - 0x00000000774bf000 	C:\Windows\SYSTEM32\ntdll.dll
0x0000000077100000 - 0x000000007721f000 	C:\Windows\system32\kernel32.dll
0x000007fefd0f0000 - 0x000007fefd15a000 	C:\Windows\system32\KERNELBASE.dll
0x000007fefee60000 - 0x000007fefef3b000 	C:\Windows\system32\ADVAPI32.dll
0x000007fefe080000 - 0x000007fefe11f000 	C:\Windows\system32\msvcrt.dll
0x000007fefef40000 - 0x000007fefef5f000 	C:\Windows\SYSTEM32\sechost.dll
0x000007fefef60000 - 0x000007feff08d000 	C:\Windows\system32\RPCRT4.dll
0x0000000077220000 - 0x000000007731a000 	C:\Windows\system32\USER32.dll
0x000007fefd280000 - 0x000007fefd2e7000 	C:\Windows\system32\GDI32.dll
0x000007fefe120000 - 0x000007fefe12e000 	C:\Windows\system32\LPK.dll
0x000007feff240000 - 0x000007feff30b000 	C:\Windows\system32\USP10.dll
0x000007fefb3e0000 - 0x000007fefb5d4000 	C:\Windows\WinSxS\amd64_microsoft.windows.common-controls_6595b64144ccf1df_6.0.7601.18837_none_fa3b1e3d17594757\COMCTL32.dll
0x000007feff190000 - 0x000007feff201000 	C:\Windows\system32\SHLWAPI.dll
0x000007feff210000 - 0x000007feff23e000 	C:\Windows\system32\IMM32.DLL
0x000007fefe1b0000 - 0x000007fefe2b9000 	C:\Windows\system32\MSCTF.dll
0x0000000074940000 - 0x0000000074a12000 	C:\Program Files\jmonkeyplatform\jdk\jre\bin\msvcr100.dll
0x0000000071b80000 - 0x000000007241f000 	C:\Program Files\jmonkeyplatform\jdk\jre\bin\server\jvm.dll
0x000007fef6830000 - 0x000007fef6839000 	C:\Windows\system32\WSOCK32.dll
0x000007feff4f0000 - 0x000007feff53d000 	C:\Windows\system32\WS2_32.dll
0x000007feff600000 - 0x000007feff608000 	C:\Windows\system32\NSI.dll
0x000007fef8ec0000 - 0x000007fef8efb000 	C:\Windows\system32\WINMM.dll
0x000007fefbf30000 - 0x000007fefbf3c000 	C:\Windows\system32\VERSION.dll
0x00000000774d0000 - 0x00000000774d7000 	C:\Windows\system32\PSAPI.DLL
0x0000000074930000 - 0x000000007493f000 	C:\Program Files\jmonkeyplatform\jdk\jre\bin\verify.dll
0x0000000074900000 - 0x0000000074929000 	C:\Program Files\jmonkeyplatform\jdk\jre\bin\java.dll
0x00000000748e0000 - 0x00000000748f6000 	C:\Program Files\jmonkeyplatform\jdk\jre\bin\zip.dll
0x000007fefd2f0000 - 0x000007fefe07b000 	C:\Windows\system32\SHELL32.dll
0x000007fefe590000 - 0x000007fefe78d000 	C:\Windows\system32\ole32.dll
0x000007fefcec0000 - 0x000007fefcecf000 	C:\Windows\system32\profapi.dll
0x00000000748c0000 - 0x00000000748da000 	C:\Program Files\jmonkeyplatform\jdk\jre\bin\net.dll
0x000007fefc650000 - 0x000007fefc6a5000 	C:\Windows\system32\mswsock.dll
0x000007fefc640000 - 0x000007fefc647000 	C:\Windows\System32\wship6.dll
0x00000000748a0000 - 0x00000000748b1000 	C:\Program Files\jmonkeyplatform\jdk\jre\bin\nio.dll
0x0000000074700000 - 0x0000000074898000 	C:\Program Files\jmonkeyplatform\jdk\jre\bin\awt.dll
0x000007fefe790000 - 0x000007fefe86a000 	C:\Windows\system32\OLEAUT32.dll
0x000007fefc6b0000 - 0x000007fefc6c8000 	C:\Windows\system32\CRYPTSP.dll
0x000007fefc3b0000 - 0x000007fefc3f7000 	C:\Windows\system32\rsaenh.dll
0x000007fefd1a0000 - 0x000007fefd1be000 	C:\Windows\system32\USERENV.dll
0x000007fefcd60000 - 0x000007fefcd6f000 	C:\Windows\system32\CRYPTBASE.dll
0x000007fefab70000 - 0x000007fefab97000 	C:\Windows\system32\IPHLPAPI.DLL
0x000007fefab00000 - 0x000007fefab0b000 	C:\Windows\system32\WINNSI.DLL
0x000007fefa9c0000 - 0x000007fefa9d8000 	C:\Windows\system32\dhcpcsvc.DLL
0x000007fefa9a0000 - 0x000007fefa9b1000 	C:\Windows\system32\dhcpcsvc6.DLL
0x000007fee2d40000 - 0x000007fee2f58000 	C:\Users\user\Desktop\CyberMetropolis\bulletjme.dll
0x0000000180000000 - 0x0000000180064000 	C:\Users\user\Desktop\CyberMetropolis\OpenAL64.dll
0x0000000001cd0000 - 0x0000000001ce6000 	C:\Users\user\Desktop\CyberMetropolis\jinput-dx8_64.dll
0x000007fef4df0000 - 0x000007fef4e2c000 	C:\Windows\system32\DINPUT8.dll
0x0000000002120000 - 0x0000000002173000 	C:\Users\user\Desktop\CyberMetropolis\lwjgl64.dll
0x000007fef8750000 - 0x000007fef886d000 	C:\Windows\system32\OPENGL32.dll
0x000007fef8510000 - 0x000007fef853d000 	C:\Windows\system32\GLU32.dll
0x000007fef3060000 - 0x000007fef3151000 	C:\Windows\system32\DDRAW.dll
0x000007fefab30000 - 0x000007fefab38000 	C:\Windows\system32\DCIMAN32.dll
0x000007feff310000 - 0x000007feff4e7000 	C:\Windows\system32\SETUPAPI.dll
0x000007fefd160000 - 0x000007fefd196000 	C:\Windows\system32\CFGMGR32.dll
0x000007fefd060000 - 0x000007fefd07a000 	C:\Windows\system32\DEVOBJ.dll
0x000007fefa930000 - 0x000007fefa948000 	C:\Windows\system32\dwmapi.dll
0x000007fefb380000 - 0x000007fefb3d6000 	C:\Windows\system32\uxtheme.dll
0x000007fee08d0000 - 0x000007fee13fb000 	C:\Windows\system32\ig7icd64.dll
0x00000000123b0000 - 0x0000000012415000 	C:\Program Files\ThinkPad\Bluetooth Software\btmmhook.dll
0x000007feec950000 - 0x000007feec9ec000 	C:\Windows\system32\mscms.dll
0x000007feecdf0000 - 0x000007feece32000 	C:\Windows\system32\icm32.dll
0x000007fefc0f0000 - 0x000007fefc0fb000 	C:\Windows\system32\HID.DLL
0x000007fefd0b0000 - 0x000007fefd0eb000 	C:\Windows\system32\WINTRUST.dll
0x000007fefcef0000 - 0x000007fefd05d000 	C:\Windows\system32\CRYPT32.dll
0x000007fefced0000 - 0x000007fefcedf000 	C:\Windows\system32\MSASN1.dll
0x0000000002190000 - 0x00000000021a4000 	C:\Users\user\Desktop\CyberMetropolis\jinput-raw_64.dll
0x000007feff090000 - 0x000007feff129000 	C:\Windows\system32\CLBCatQ.DLL
0x000007fefb920000 - 0x000007fefb96b000 	C:\Windows\System32\MMDevApi.dll
0x000007fefb7f0000 - 0x000007fefb91c000 	C:\Windows\System32\PROPSYS.dll
0x000007fef77d0000 - 0x000007fef7858000 	C:\Windows\system32\dsound.dll
0x000007fefc0c0000 - 0x000007fefc0ec000 	C:\Windows\system32\POWRPROF.dll
0x000007fef1650000 - 0x000007fef169f000 	C:\Windows\system32\AUDIOSES.DLL
0x000007feefe40000 - 0x000007feeff65000 	C:\Windows\system32\dbghelp.dll

VM Arguments:
jvm_args: -Dfile.encoding=UTF-8 
java_command: de.cdc.cm.Main
java_class_path (initial): C:\Program Files\jmonkeyplatform\jmonkeyplatform\libs\jme3-jogg-3.2.1-stable.jar;C:\Program Files\jmonkeyplatform\jmonkeyplatform\libs\j-ogg-all-1.0.0.jar;C:\Program Files\jmonkeyplatform\jmonkeyplatform\libs\jme3-networking-3.2.1-stable.jar;C:\Program Files\jmonkeyplatform\jmonkeyplatform\libs\jme3-plugins-3.2.1-stable.jar;C:\Program Files\jmonkeyplatform\jmonkeyplatform\libs\gson-2.8.1.jar;C:\Program Files\jmonkeyplatform\jmonkeyplatform\libs\jme3-core-3.2.1-stable.jar;C:\Program Files\jmonkeyplatform\jmonkeyplatform\libs\jme3-desktop-3.2.1-stable.jar;C:\Program Files\jmonkeyplatform\jmonkeyplatform\libs\jme3-lwjgl-3.2.1-stable.jar;C:\Program Files\jmonkeyplatform\jmonkeyplatform\libs\lwjgl-2.9.3.jar;C:\Program Files\jmonkeyplatform\jmonkeyplatform\libs\jinput-2.0.5.jar;C:\Program Files\jmonkeyplatform\jmonkeyplatform\libs\jinput-platform-2.0.5-natives-linux.jar;C:\Program Files\jmonkeyplatform\jmonkeyplatform\libs\jinput-platform-2.0.5-natives-windows.jar;C:\Program Files\jmonkeyplatform\jmonkeyplatform\libs\jinput-platform-2.0.5-natives-osx.jar;C:\Program Files\jmonkeyplatform\jmonkeyplatform\libs\jutils-1.0.0.jar;C:\Program Files\jmonkeyplatform\jmonkeyplatform\libs\lwjgl-platform-2.9.3-natives-windows.jar;C:\Program Files\jmonkeyplatform\jmonkeyplatform\libs\lwjgl-platform-2.9.3-natives-linux.jar;C:\Program Files\jmonkeyplatform\jmonkeyplatform\libs\lwjgl-platform-2.9.3-natives-osx.jar;C:\Program Files\jmonkeyplatform\jmonkeyplatform\libs\jme3-effects-3.2.1-stable.jar;C:\Program Files\jmonkeyplatform\jmonkeyplatform\libs\jme3-terrain-3.2.1-stable.jar;C:\Program Files\jmonkeyplatform\jmonkeyplatform\libs\jme3-bullet-3.2.1-stable.jar;C:\Program Files\jmonkeyplatform\jmonkeyplatform\libs\jme3-bullet-native-3.2.1-stable.jar;C:\Users\user\Desktop\Lemur\groovy-2.4.7.jar;C:\Users\user\Desktop\Lemur\groovy-all-2.4.7.jar;C:\Users\user\Desktop\Lemur\guava-19.0.jar;C:\Users\user\Desktop\Lemur\lemur-1.10.1.jar;C:\Users\user\Desktop\Lemur\lemur
Launcher Type: SUN_STANDARD

Environment Variables:
PATH=C:\Windows\system32;C:\Windows;C:\Windows\System32\Wbem;C:\Windows\System32\WindowsPowerShell\v1.0\;C:\Program Files (x86)\Intel\OpenCL SDK\2.0\bin\x86;C:\Program Files (x86)\Intel\OpenCL SDK\2.0\bin\x64;C:\Program Files\ThinkPad\Bluetooth Software\;C:\Program Files\ThinkPad\Bluetooth Software\syswow64;;C:\Program Files (x86)\Intel\OpenCL SDK\2.0\bin\x86;C:\Program Files (x86)\Intel\OpenCL SDK\2.0\bin\x64;C:\Program Files\Intel\WiFi\bin\;C:\Program Files\Common Files\Intel\WirelessCommon\;C:\Program Files\Intel\WiFi\bin\;C:\Program Files\Common Files\Intel\WirelessCommon\
USERNAME=user
OS=Windows_NT
PROCESSOR_IDENTIFIER=Intel64 Family 6 Model 58 Stepping 9, GenuineIntel



---------------  S Y S T E M  ---------------

OS: Windows 7 , 64 bit Build 7601 (6.1.7601.24214)

CPU:total 4 (initial active 4) (2 cores per cpu, 2 threads per core) family 6 model 58 stepping 9, cmov, cx8, fxsr, mmx, sse, sse2, sse3, ssse3, sse4.1, sse4.2, popcnt, avx, aes, clmul, erms, ht, tsc, tscinvbit, tscinv

Memory: 4k page, physical 4008820k(2218460k free), swap 8015740k(5955216k free)

vm_info: Java HotSpot(TM) 64-Bit Server VM (25.161-b12) for windows-amd64 JRE (1.8.0_161-b12), built on Dec 19 2017 17:52:25 by "java_re" with MS VC++ 10.0 (VS2010)

time: Thu Aug 23 19:19:29 2018
elapsed time: 47 seconds (0d 0h 0m 47s)

